<?xml version="1.0" encoding="UTF-8"?>
<testsuite name="uTest Join Today" tests="1" skipped="1" failures="0" errors="0" timestamp="2022-10-12T04:51:05" hostname="DESKTOP-QJGGP5E" time="13.939">
  <properties/>
  <testcase name="Diligenciar formulario de registro" classname="uTest Join Today" time="13.939">
    <skipped/>
  </testcase>
  <system-out><![CDATA[]]></system-out>
  <system-err><![CDATA[[Test worker] WARN net.thucydides.core.steps.BaseStepListener - stepStarted: net.thucydides.core.steps.ExecutedStepDescription@33352f32
[Test worker] WARN net.thucydides.core.steps.BaseStepListener - stepStarted: net.thucydides.core.steps.ExecutedStepDescription@6f0cb5a1
[Test worker] WARN net.thucydides.core.steps.BaseStepListener - stepStarted: net.thucydides.core.steps.ExecutedStepDescription@7bb35cc6
oct 11, 2022 11:51:06 PM org.openqa.selenium.remote.DesiredCapabilities chrome
INFORMACIÓN: Using `new ChromeOptions()` is preferred to `DesiredCapabilities.chrome()`
[Test worker] INFO net.serenitybdd.core.webdriver.driverproviders.ProvideNewDriver - Instantiating driver
[Test worker] INFO net.serenitybdd.core.webdriver.driverproviders.ProvideNewDriver - Driver capabilities: Capabilities {acceptInsecureCerts: false, browserName: chrome, chrome.switches: --start-maximized, goog:chromeOptions: {args: [--start-maximized], extensions: []}, loggingPrefs: org.openqa.selenium.logging..., platform: ANY, version: }
Starting ChromeDriver 106.0.5249.61 (511755355844955cd3e264779baf0dd38212a4d0-refs/branch-heads/5249@{#569}) on port 23762
Only local connections are allowed.
Please see https://chromedriver.chromium.org/security-considerations for suggestions on keeping ChromeDriver safe.
ChromeDriver was started successfully.
oct 11, 2022 11:51:09 PM org.openqa.selenium.remote.ProtocolHandshake createSession
INFORMACIÓN: Detected dialect: W3C
[Test worker] WARN net.thucydides.core.steps.BaseStepListener - stepFinished: current outcome:Diligenciar formulario de registro:Given usuario daniel ingresa a pagina uTest [Daniel open up [Daniel opens the Utest page]]
[Test worker] WARN net.thucydides.core.steps.BaseStepListener - stepFinished: current outcome:Diligenciar formulario de registro:Given usuario daniel ingresa a pagina uTest [Daniel open up [Daniel opens the Utest page]]
[Test worker] WARN net.thucydides.core.steps.BaseStepListener - stepStarted: net.thucydides.core.steps.ExecutedStepDescription@63300c4b
[Test worker] WARN net.thucydides.core.steps.BaseStepListener - stepStarted: net.thucydides.core.steps.ExecutedStepDescription@a09303
[Test worker] WARN net.thucydides.core.steps.BaseStepListener - stepFinished: current outcome:Diligenciar formulario de registro:Given usuario daniel ingresa a pagina uTest [Daniel open up [Daniel opens the Utest page], Daniel join [Daniel clicks on Boton Join Para Formulario de Registro]]
[Test worker] WARN net.thucydides.core.steps.BaseStepListener - stepStarted: net.thucydides.core.steps.ExecutedStepDescription@6a5e167a
[Test worker] WARN net.thucydides.core.steps.BaseStepListener - stepFinished: current outcome:Diligenciar formulario de registro:Given usuario daniel ingresa a pagina uTest [Daniel open up [Daniel opens the Utest page], Daniel join [Daniel clicks on Boton Join Para Formulario de Registro, Daniel enters 'Daniel Felipe' into Input de Primer nombre]]
[Test worker] WARN net.thucydides.core.steps.BaseStepListener - stepStarted: net.thucydides.core.steps.ExecutedStepDescription@363c32cc
[Test worker] WARN net.thucydides.core.steps.BaseStepListener - stepFinished: current outcome:Diligenciar formulario de registro:Given usuario daniel ingresa a pagina uTest [Daniel open up [Daniel opens the Utest page], Daniel join [Daniel clicks on Boton Join Para Formulario de Registro, Daniel enters 'Daniel Felipe' into Input de Primer nombre, Daniel enters 'Sandoval Solano' into Input Apellidos]]
[Test worker] WARN net.thucydides.core.steps.BaseStepListener - stepStarted: net.thucydides.core.steps.ExecutedStepDescription@20ead579
[Test worker] WARN net.thucydides.core.steps.BaseStepListener - stepFinished: current outcome:Diligenciar formulario de registro:Given usuario daniel ingresa a pagina uTest [Daniel open up [Daniel opens the Utest page], Daniel join [Daniel clicks on Boton Join Para Formulario de Registro, Daniel enters 'Daniel Felipe' into Input de Primer nombre, Daniel enters 'Sandoval Solano' into Input Apellidos, Daniel enters 'daniel970620@gmail.com' into Email]]
[Test worker] WARN net.thucydides.core.steps.BaseStepListener - stepStarted: net.thucydides.core.steps.ExecutedStepDescription@557b6a37
[Test worker] WARN net.thucydides.core.steps.BaseStepListener - stepFinished: current outcome:Diligenciar formulario de registro:Given usuario daniel ingresa a pagina uTest [Daniel open up [Daniel opens the Utest page], Daniel join [Daniel clicks on Boton Join Para Formulario de Registro, Daniel enters 'Daniel Felipe' into Input de Primer nombre, Daniel enters 'Sandoval Solano' into Input Apellidos, Daniel enters 'daniel970620@gmail.com' into Email, Daniel clicks on Mes de CumpleaÃ±os]]
[Test worker] WARN net.thucydides.core.steps.BaseStepListener - stepStarted: net.thucydides.core.steps.ExecutedStepDescription@76e90da5
[Test worker] WARN net.thucydides.core.steps.BaseStepListener - stepFinished: current outcome:Diligenciar formulario de registro:Given usuario daniel ingresa a pagina uTest [Daniel open up [Daniel opens the Utest page], Daniel join [Daniel clicks on Boton Join Para Formulario de Registro, Daniel enters 'Daniel Felipe' into Input de Primer nombre, Daniel enters 'Sandoval Solano' into Input Apellidos, Daniel enters 'daniel970620@gmail.com' into Email, Daniel clicks on Mes de CumpleaÃ±os, Daniel clicks on Dia de cumpleaÃ±os]]
[Test worker] WARN net.thucydides.core.steps.BaseStepListener - stepStarted: net.thucydides.core.steps.ExecutedStepDescription@6b4fc2d1
[Test worker] WARN net.thucydides.core.steps.BaseStepListener - stepFinished: current outcome:Diligenciar formulario de registro:Given usuario daniel ingresa a pagina uTest [Daniel open up [Daniel opens the Utest page], Daniel join [Daniel clicks on Boton Join Para Formulario de Registro, Daniel enters 'Daniel Felipe' into Input de Primer nombre, Daniel enters 'Sandoval Solano' into Input Apellidos, Daniel enters 'daniel970620@gmail.com' into Email, Daniel clicks on Mes de CumpleaÃ±os, Daniel clicks on Dia de cumpleaÃ±os, Daniel clicks on AÃ±o de nacimiento]]
[Test worker] WARN net.thucydides.core.steps.BaseStepListener - stepStarted: net.thucydides.core.steps.ExecutedStepDescription@7ba93755
[Test worker] WARN net.thucydides.core.steps.BaseStepListener - stepFinished: current outcome:Diligenciar formulario de registro:Given usuario daniel ingresa a pagina uTest [Daniel open up [Daniel opens the Utest page], Daniel join [Daniel clicks on Boton Join Para Formulario de Registro, Daniel enters 'Daniel Felipe' into Input de Primer nombre, Daniel enters 'Sandoval Solano' into Input Apellidos, Daniel enters 'daniel970620@gmail.com' into Email, Daniel clicks on Mes de CumpleaÃ±os, Daniel clicks on Dia de cumpleaÃ±os, Daniel clicks on AÃ±o de nacimiento, Daniel clicks on Boton Next Location]]
[Test worker] WARN net.thucydides.core.steps.BaseStepListener - stepStarted: net.thucydides.core.steps.ExecutedStepDescription@609319c3
[Test worker] WARN net.thucydides.core.steps.BaseStepListener - stepFinished: current outcome:Diligenciar formulario de registro:Given usuario daniel ingresa a pagina uTest [Daniel open up [Daniel opens the Utest page], Daniel join [Daniel clicks on Boton Join Para Formulario de Registro, Daniel enters 'Daniel Felipe' into Input de Primer nombre, Daniel enters 'Sandoval Solano' into Input Apellidos, Daniel enters 'daniel970620@gmail.com' into Email, Daniel clicks on Mes de CumpleaÃ±os, Daniel clicks on Dia de cumpleaÃ±os, Daniel clicks on AÃ±o de nacimiento, Daniel clicks on Boton Next Location, Daniel clicks on Boton Next DEVICES]]
[Test worker] WARN net.thucydides.core.steps.BaseStepListener - stepFinished: current outcome:Diligenciar formulario de registro:Given usuario daniel ingresa a pagina uTest [Daniel open up [Daniel opens the Utest page], Daniel join [Daniel clicks on Boton Join Para Formulario de Registro, Daniel enters 'Daniel Felipe' into Input de Primer nombre, Daniel enters 'Sandoval Solano' into Input Apellidos, Daniel enters 'daniel970620@gmail.com' into Email, Daniel clicks on Mes de CumpleaÃ±os, Daniel clicks on Dia de cumpleaÃ±os, Daniel clicks on AÃ±o de nacimiento, Daniel clicks on Boton Next Location, Daniel clicks on Boton Next DEVICES]]
[Test worker] WARN net.thucydides.core.steps.BaseStepListener - stepFinished: current outcome:Diligenciar formulario de registro:Given usuario daniel ingresa a pagina uTest [Daniel open up [Daniel opens the Utest page], Daniel join [Daniel clicks on Boton Join Para Formulario de Registro, Daniel enters 'Daniel Felipe' into Input de Primer nombre, Daniel enters 'Sandoval Solano' into Input Apellidos, Daniel enters 'daniel970620@gmail.com' into Email, Daniel clicks on Mes de CumpleaÃ±os, Daniel clicks on Dia de cumpleaÃ±os, Daniel clicks on AÃ±o de nacimiento, Daniel clicks on Boton Next Location, Daniel clicks on Boton Next DEVICES]]
[Test worker] WARN net.thucydides.core.steps.BaseStepListener - stepStarted: net.thucydides.core.steps.ExecutedStepDescription@52ae997b
[Test worker] INFO net.thucydides.core.steps.ConsoleLoggingListener - TEST PENDING
[Test worker] WARN net.thucydides.core.steps.BaseStepListener - stepStarted: net.thucydides.core.steps.ExecutedStepDescription@53940e2f
[Test worker] WARN net.thucydides.core.steps.BaseStepListener - testFinished: Diligenciar formulario de registro:Given usuario daniel ingresa a pagina uTest [Daniel open up [Daniel opens the Utest page], Daniel join [Daniel clicks on Boton Join Para Formulario de Registro, Daniel enters 'Daniel Felipe' into Input de Primer nombre, Daniel enters 'Sandoval Solano' into Input Apellidos, Daniel enters 'daniel970620@gmail.com' into Email, Daniel clicks on Mes de CumpleaÃ±os, Daniel clicks on Dia de cumpleaÃ±os, Daniel clicks on AÃ±o de nacimiento, Daniel clicks on Boton Next Location, Daniel clicks on Boton Next DEVICES]], When diligencia todos los datos que el formulario le solicita, Then se obtiene el mensaje de usuario creado en la ventan de uTest
[Test worker] WARN net.thucydides.core.steps.BaseStepListener - TestOutcomes: [Diligenciar formulario de registro:Given usuario daniel ingresa a pagina uTest [Daniel open up [Daniel opens the Utest page], Daniel join [Daniel clicks on Boton Join Para Formulario de Registro, Daniel enters 'Daniel Felipe' into Input de Primer nombre, Daniel enters 'Sandoval Solano' into Input Apellidos, Daniel enters 'daniel970620@gmail.com' into Email, Daniel clicks on Mes de CumpleaÃ±os, Daniel clicks on Dia de cumpleaÃ±os, Daniel clicks on AÃ±o de nacimiento, Daniel clicks on Boton Next Location, Daniel clicks on Boton Next DEVICES]], When diligencia todos los datos que el formulario le solicita, Then se obtiene el mensaje de usuario creado en la ventan de uTest]
[Test worker] WARN net.thucydides.core.steps.BaseStepListener - Final testOutcomes: [Diligenciar formulario de registro:Given usuario daniel ingresa a pagina uTest [Daniel open up [Daniel opens the Utest page], Daniel join [Daniel clicks on Boton Join Para Formulario de Registro, Daniel enters 'Daniel Felipe' into Input de Primer nombre, Daniel enters 'Sandoval Solano' into Input Apellidos, Daniel enters 'daniel970620@gmail.com' into Email, Daniel clicks on Mes de CumpleaÃ±os, Daniel clicks on Dia de cumpleaÃ±os, Daniel clicks on AÃ±o de nacimiento, Daniel clicks on Boton Next Location, Daniel clicks on Boton Next DEVICES]], When diligencia todos los datos que el formulario le solicita, Then se obtiene el mensaje de usuario creado en la ventan de uTest]
[Test worker] INFO net.thucydides.core.steps.ConsoleLoggingListener - 
          __  _____ _____ ____ _____   ____  _____ _   _ ____ ___ _   _  ____ 
 _       / / |_   _| ____/ ___|_   _| |  _ \| ____| \ | |  _ \_ _| \ | |/ ___|
(_)____ / /    | | |  _| \___ \ | |   | |_) |  _| |  \| | | | | ||  \| | |  _ 
 |_____/ /     | | | |___ ___) || |   |  __/| |___| |\  | |_| | || |\  | |_| |
(_)   /_/      |_| |_____|____/ |_|   |_|   |_____|_| \_|____/___|_| \_|\____|
                                                                                

TEST PENDING: Diligenciar formulario de registro
---------------------------------------------------------------------------------
]]></system-err>
</testsuite>
