<?xml version="1.0" encoding="UTF-8"?>
<testsuite name="uTest Join Today" tests="1" skipped="1" failures="0" errors="0" timestamp="2022-10-25T16:17:16" hostname="DESKTOP-QJGGP5E" time="36.878">
  <properties/>
  <testcase name="Diligenciar formulario de registro" classname="uTest Join Today" time="36.878">
    <skipped/>
  </testcase>
  <system-out><![CDATA[]]></system-out>
  <system-err><![CDATA[[Test worker] WARN net.thucydides.core.steps.BaseStepListener - stepStarted: net.thucydides.core.steps.ExecutedStepDescription@2484f433
[Test worker] WARN net.thucydides.core.steps.BaseStepListener - stepStarted: net.thucydides.core.steps.ExecutedStepDescription@2b56f5f8
[Test worker] WARN net.thucydides.core.steps.BaseStepListener - stepStarted: net.thucydides.core.steps.ExecutedStepDescription@5136207f
oct 25, 2022 11:17:18 AM org.openqa.selenium.remote.DesiredCapabilities chrome
INFORMACIÓN: Using `new ChromeOptions()` is preferred to `DesiredCapabilities.chrome()`
[Test worker] INFO net.serenitybdd.core.webdriver.driverproviders.ProvideNewDriver - Instantiating driver
[Test worker] INFO net.serenitybdd.core.webdriver.driverproviders.ProvideNewDriver - Driver capabilities: Capabilities {acceptInsecureCerts: false, browserName: chrome, chrome.switches: --start-maximized, goog:chromeOptions: {args: [--start-maximized], extensions: []}, loggingPrefs: org.openqa.selenium.logging..., platform: ANY, version: }
Starting ChromeDriver 106.0.5249.61 (511755355844955cd3e264779baf0dd38212a4d0-refs/branch-heads/5249@{#569}) on port 14944
Only local connections are allowed.
Please see https://chromedriver.chromium.org/security-considerations for suggestions on keeping ChromeDriver safe.
ChromeDriver was started successfully.
oct 25, 2022 11:17:23 AM org.openqa.selenium.remote.ProtocolHandshake createSession
INFORMACIÓN: Detected dialect: W3C
[Test worker] WARN net.thucydides.core.steps.BaseStepListener - stepFinished: current outcome:Diligenciar formulario de registro:Given usuario daniel ingresa a pagina uTest
| strName | strLastName | strMail | strMonth | strDay | strYear |
| Daniel | Sandoval | daniel970620@gmail.com | June | 20 | 1997 | [Daniel open up [Daniel opens the Utest page]]
[Test worker] WARN net.thucydides.core.steps.BaseStepListener - stepFinished: current outcome:Diligenciar formulario de registro:Given usuario daniel ingresa a pagina uTest
| strName | strLastName | strMail | strMonth | strDay | strYear |
| Daniel | Sandoval | daniel970620@gmail.com | June | 20 | 1997 | [Daniel open up [Daniel opens the Utest page]]
[Test worker] WARN net.thucydides.core.steps.BaseStepListener - stepStarted: net.thucydides.core.steps.ExecutedStepDescription@70f68288
[Test worker] WARN net.thucydides.core.steps.BaseStepListener - stepStarted: net.thucydides.core.steps.ExecutedStepDescription@3a3ed300
[Test worker] WARN net.thucydides.core.steps.BaseStepListener - stepFinished: current outcome:Diligenciar formulario de registro:Given usuario daniel ingresa a pagina uTest
| strName | strLastName | strMail | strMonth | strDay | strYear |
| Daniel | Sandoval | daniel970620@gmail.com | June | 20 | 1997 | [Daniel open up [Daniel opens the Utest page], Daniel join [Daniel clicks on Boton Join Para Formulario de Registro]]
[Test worker] WARN net.thucydides.core.steps.BaseStepListener - stepStarted: net.thucydides.core.steps.ExecutedStepDescription@769bd849
[Test worker] WARN net.thucydides.core.steps.BaseStepListener - stepFinished: current outcome:Diligenciar formulario de registro:Given usuario daniel ingresa a pagina uTest
| strName | strLastName | strMail | strMonth | strDay | strYear |
| Daniel | Sandoval | daniel970620@gmail.com | June | 20 | 1997 | [Daniel open up [Daniel opens the Utest page], Daniel join [Daniel clicks on Boton Join Para Formulario de Registro, Daniel enters 'Daniel' into Input de Primer nombre]]
[Test worker] WARN net.thucydides.core.steps.BaseStepListener - stepStarted: net.thucydides.core.steps.ExecutedStepDescription@723877dd
[Test worker] WARN net.thucydides.core.steps.BaseStepListener - stepFinished: current outcome:Diligenciar formulario de registro:Given usuario daniel ingresa a pagina uTest
| strName | strLastName | strMail | strMonth | strDay | strYear |
| Daniel | Sandoval | daniel970620@gmail.com | June | 20 | 1997 | [Daniel open up [Daniel opens the Utest page], Daniel join [Daniel clicks on Boton Join Para Formulario de Registro, Daniel enters 'Daniel' into Input de Primer nombre, Daniel enters 'Sandoval' into Input Apellidos]]
[Test worker] WARN net.thucydides.core.steps.BaseStepListener - stepStarted: net.thucydides.core.steps.ExecutedStepDescription@2fbe26da
[Test worker] WARN net.thucydides.core.steps.BaseStepListener - stepFinished: current outcome:Diligenciar formulario de registro:Given usuario daniel ingresa a pagina uTest
| strName | strLastName | strMail | strMonth | strDay | strYear |
| Daniel | Sandoval | daniel970620@gmail.com | June | 20 | 1997 | [Daniel open up [Daniel opens the Utest page], Daniel join [Daniel clicks on Boton Join Para Formulario de Registro, Daniel enters 'Daniel' into Input de Primer nombre, Daniel enters 'Sandoval' into Input Apellidos, Daniel enters 'daniel970620@gmail.com' into Email]]
[Test worker] WARN net.thucydides.core.steps.BaseStepListener - stepStarted: net.thucydides.core.steps.ExecutedStepDescription@9dada78
[Test worker] WARN net.thucydides.core.steps.BaseStepListener - stepFinished: current outcome:Diligenciar formulario de registro:Given usuario daniel ingresa a pagina uTest
| strName | strLastName | strMail | strMonth | strDay | strYear |
| Daniel | Sandoval | daniel970620@gmail.com | June | 20 | 1997 | [Daniel open up [Daniel opens the Utest page], Daniel join [Daniel clicks on Boton Join Para Formulario de Registro, Daniel enters 'Daniel' into Input de Primer nombre, Daniel enters 'Sandoval' into Input Apellidos, Daniel enters 'daniel970620@gmail.com' into Email, Daniel select June on Mes de CumpleaÃ±os]]
[Test worker] WARN net.thucydides.core.steps.BaseStepListener - stepStarted: net.thucydides.core.steps.ExecutedStepDescription@7ba93755
[Test worker] WARN net.thucydides.core.steps.BaseStepListener - stepFinished: current outcome:Diligenciar formulario de registro:Given usuario daniel ingresa a pagina uTest
| strName | strLastName | strMail | strMonth | strDay | strYear |
| Daniel | Sandoval | daniel970620@gmail.com | June | 20 | 1997 | [Daniel open up [Daniel opens the Utest page], Daniel join [Daniel clicks on Boton Join Para Formulario de Registro, Daniel enters 'Daniel' into Input de Primer nombre, Daniel enters 'Sandoval' into Input Apellidos, Daniel enters 'daniel970620@gmail.com' into Email, Daniel select June on Mes de CumpleaÃ±os, Daniel select 20 on Dia de cumpleaÃ±os]]
[Test worker] WARN net.thucydides.core.steps.BaseStepListener - stepStarted: net.thucydides.core.steps.ExecutedStepDescription@180b3819
[Test worker] WARN net.thucydides.core.steps.BaseStepListener - stepFinished: current outcome:Diligenciar formulario de registro:Given usuario daniel ingresa a pagina uTest
| strName | strLastName | strMail | strMonth | strDay | strYear |
| Daniel | Sandoval | daniel970620@gmail.com | June | 20 | 1997 | [Daniel open up [Daniel opens the Utest page], Daniel join [Daniel clicks on Boton Join Para Formulario de Registro, Daniel enters 'Daniel' into Input de Primer nombre, Daniel enters 'Sandoval' into Input Apellidos, Daniel enters 'daniel970620@gmail.com' into Email, Daniel select June on Mes de CumpleaÃ±os, Daniel select 20 on Dia de cumpleaÃ±os, Daniel select 1997 on AÃ±o de nacimiento]]
[Test worker] WARN net.thucydides.core.steps.BaseStepListener - stepStarted: net.thucydides.core.steps.ExecutedStepDescription@5099c59b
[Test worker] WARN net.thucydides.core.steps.BaseStepListener - stepFinished: current outcome:Diligenciar formulario de registro:Given usuario daniel ingresa a pagina uTest
| strName | strLastName | strMail | strMonth | strDay | strYear |
| Daniel | Sandoval | daniel970620@gmail.com | June | 20 | 1997 | [Daniel open up [Daniel opens the Utest page], Daniel join [Daniel clicks on Boton Join Para Formulario de Registro, Daniel enters 'Daniel' into Input de Primer nombre, Daniel enters 'Sandoval' into Input Apellidos, Daniel enters 'daniel970620@gmail.com' into Email, Daniel select June on Mes de CumpleaÃ±os, Daniel select 20 on Dia de cumpleaÃ±os, Daniel select 1997 on AÃ±o de nacimiento, Daniel clicks on Botton Next Location]]
[Test worker] WARN net.thucydides.core.steps.BaseStepListener - stepFinished: current outcome:Diligenciar formulario de registro:Given usuario daniel ingresa a pagina uTest
| strName | strLastName | strMail | strMonth | strDay | strYear |
| Daniel | Sandoval | daniel970620@gmail.com | June | 20 | 1997 | [Daniel open up [Daniel opens the Utest page], Daniel join [Daniel clicks on Boton Join Para Formulario de Registro, Daniel enters 'Daniel' into Input de Primer nombre, Daniel enters 'Sandoval' into Input Apellidos, Daniel enters 'daniel970620@gmail.com' into Email, Daniel select June on Mes de CumpleaÃ±os, Daniel select 20 on Dia de cumpleaÃ±os, Daniel select 1997 on AÃ±o de nacimiento, Daniel clicks on Botton Next Location]]
[Test worker] WARN net.thucydides.core.steps.BaseStepListener - stepFinished: current outcome:Diligenciar formulario de registro:Given usuario daniel ingresa a pagina uTest
| strName | strLastName | strMail | strMonth | strDay | strYear |
| Daniel | Sandoval | daniel970620@gmail.com | June | 20 | 1997 | [Daniel open up [Daniel opens the Utest page], Daniel join [Daniel clicks on Boton Join Para Formulario de Registro, Daniel enters 'Daniel' into Input de Primer nombre, Daniel enters 'Sandoval' into Input Apellidos, Daniel enters 'daniel970620@gmail.com' into Email, Daniel select June on Mes de CumpleaÃ±os, Daniel select 20 on Dia de cumpleaÃ±os, Daniel select 1997 on AÃ±o de nacimiento, Daniel clicks on Botton Next Location]]
[Test worker] WARN net.thucydides.core.steps.BaseStepListener - stepStarted: net.thucydides.core.steps.ExecutedStepDescription@36ef1d65
[Test worker] INFO net.thucydides.core.steps.ConsoleLoggingListener - TEST PENDING
[Test worker] WARN net.thucydides.core.steps.BaseStepListener - stepStarted: net.thucydides.core.steps.ExecutedStepDescription@1e957e2f
[Test worker] WARN net.thucydides.core.steps.BaseStepListener - testFinished: Diligenciar formulario de registro:Given usuario daniel ingresa a pagina uTest
| strName | strLastName | strMail | strMonth | strDay | strYear |
| Daniel | Sandoval | daniel970620@gmail.com | June | 20 | 1997 | [Daniel open up [Daniel opens the Utest page], Daniel join [Daniel clicks on Boton Join Para Formulario de Registro, Daniel enters 'Daniel' into Input de Primer nombre, Daniel enters 'Sandoval' into Input Apellidos, Daniel enters 'daniel970620@gmail.com' into Email, Daniel select June on Mes de CumpleaÃ±os, Daniel select 20 on Dia de cumpleaÃ±os, Daniel select 1997 on AÃ±o de nacimiento, Daniel clicks on Botton Next Location]], When diligencia todos los datos que el formulario le solicita
| strCity | zipCode | strCountry | strBrand | strBrandModel | strOS |
| Neiva | 420001 | Colombia | Xioami | Mi 10T Pro 5G | Android 12 |, Then se obtiene el mensaje de usuario creado en la ventan de uTest
[Test worker] WARN net.thucydides.core.steps.BaseStepListener - TestOutcomes: [Diligenciar formulario de registro:Given usuario daniel ingresa a pagina uTest
| strName | strLastName | strMail | strMonth | strDay | strYear |
| Daniel | Sandoval | daniel970620@gmail.com | June | 20 | 1997 | [Daniel open up [Daniel opens the Utest page], Daniel join [Daniel clicks on Boton Join Para Formulario de Registro, Daniel enters 'Daniel' into Input de Primer nombre, Daniel enters 'Sandoval' into Input Apellidos, Daniel enters 'daniel970620@gmail.com' into Email, Daniel select June on Mes de CumpleaÃ±os, Daniel select 20 on Dia de cumpleaÃ±os, Daniel select 1997 on AÃ±o de nacimiento, Daniel clicks on Botton Next Location]], When diligencia todos los datos que el formulario le solicita
| strCity | zipCode | strCountry | strBrand | strBrandModel | strOS |
| Neiva | 420001 | Colombia | Xioami | Mi 10T Pro 5G | Android 12 |, Then se obtiene el mensaje de usuario creado en la ventan de uTest]
[Test worker] WARN net.thucydides.core.steps.BaseStepListener - Final testOutcomes: [Diligenciar formulario de registro:Given usuario daniel ingresa a pagina uTest
| strName | strLastName | strMail | strMonth | strDay | strYear |
| Daniel | Sandoval | daniel970620@gmail.com | June | 20 | 1997 | [Daniel open up [Daniel opens the Utest page], Daniel join [Daniel clicks on Boton Join Para Formulario de Registro, Daniel enters 'Daniel' into Input de Primer nombre, Daniel enters 'Sandoval' into Input Apellidos, Daniel enters 'daniel970620@gmail.com' into Email, Daniel select June on Mes de CumpleaÃ±os, Daniel select 20 on Dia de cumpleaÃ±os, Daniel select 1997 on AÃ±o de nacimiento, Daniel clicks on Botton Next Location]], When diligencia todos los datos que el formulario le solicita
| strCity | zipCode | strCountry | strBrand | strBrandModel | strOS |
| Neiva | 420001 | Colombia | Xioami | Mi 10T Pro 5G | Android 12 |, Then se obtiene el mensaje de usuario creado en la ventan de uTest]
[Test worker] INFO net.thucydides.core.steps.ConsoleLoggingListener - 
          __  _____ _____ ____ _____   ____  _____ _   _ ____ ___ _   _  ____ 
 _       / / |_   _| ____/ ___|_   _| |  _ \| ____| \ | |  _ \_ _| \ | |/ ___|
(_)____ / /    | | |  _| \___ \ | |   | |_) |  _| |  \| | | | | ||  \| | |  _ 
 |_____/ /     | | | |___ ___) || |   |  __/| |___| |\  | |_| | || |\  | |_| |
(_)   /_/      |_| |_____|____/ |_|   |_|   |_____|_| \_|____/___|_| \_|\____|
                                                                                

TEST PENDING: Diligenciar formulario de registro
---------------------------------------------------------------------------------
]]></system-err>
</testsuite>
